<?xml version="1.0" encoding="UTF-8"?>
<testsuite xmlns:xsi="http://www.w3.org/2001/XMLSchema-instance" xsi:noNamespaceSchemaLocation="https://maven.apache.org/surefire/maven-surefire-plugin/xsd/surefire-test-report.xsd" name="com.app.test.HelloJunitTest" time="0.006" tests="3" errors="0" skipped="0" failures="0">
  <properties>
    <property name="sun.desktop" value="windows"/>
    <property name="awt.toolkit" value="sun.awt.windows.WToolkit"/>
    <property name="file.encoding.pkg" value="sun.io"/>
    <property name="java.specification.version" value="1.8"/>
    <property name="sun.cpu.isalist" value="amd64"/>
    <property name="sun.jnu.encoding" value="Cp1252"/>
    <property name="java.class.path" value="C:\Users\sonal\OneDrive\Desktop\Phase3 P-A\eclipse codes\junit5_demo\target\test-classes;C:\Users\sonal\OneDrive\Desktop\Phase3 P-A\eclipse codes\junit5_demo\target\classes;C:\Users\sonal\.m2\repository\org\junit\jupiter\junit-jupiter-api\5.4.2\junit-jupiter-api-5.4.2.jar;C:\Users\sonal\.m2\repository\org\apiguardian\apiguardian-api\1.0.0\apiguardian-api-1.0.0.jar;C:\Users\sonal\.m2\repository\org\opentest4j\opentest4j\1.1.1\opentest4j-1.1.1.jar;C:\Users\sonal\.m2\repository\org\junit\platform\junit-platform-commons\1.4.2\junit-platform-commons-1.4.2.jar;C:\Users\sonal\.m2\repository\org\junit\jupiter\junit-jupiter-engine\5.4.2\junit-jupiter-engine-5.4.2.jar;C:\Users\sonal\.m2\repository\org\junit\platform\junit-platform-engine\1.4.2\junit-platform-engine-1.4.2.jar;"/>
    <property name="java.vm.vendor" value="Oracle Corporation"/>
    <property name="sun.arch.data.model" value="64"/>
    <property name="user.variant" value=""/>
    <property name="java.vendor.url" value="http://java.oracle.com/"/>
    <property name="user.timezone" value="America/New_York"/>
    <property name="java.vm.specification.version" value="1.8"/>
    <property name="os.name" value="Windows 10"/>
    <property name="user.country" value="US"/>
    <property name="sun.java.launcher" value="SUN_STANDARD"/>
    <property name="sun.boot.library.path" value="C:\Program Files\Java\jdk1.8.0_281\jre\bin"/>
    <property name="sun.java.command" value="C:\Users\sonal\AppData\Local\Temp\surefire7961052212242086694\surefirebooter4057624119698164543.jar C:\Users\sonal\AppData\Local\Temp\surefire7961052212242086694 2021-04-29T19-19-59_495-jvmRun1 surefire1243076236847055655tmp surefire_08739105466945396371tmp"/>
    <property name="surefire.test.class.path" value="C:\Users\sonal\OneDrive\Desktop\Phase3 P-A\eclipse codes\junit5_demo\target\test-classes;C:\Users\sonal\OneDrive\Desktop\Phase3 P-A\eclipse codes\junit5_demo\target\classes;C:\Users\sonal\.m2\repository\org\junit\jupiter\junit-jupiter-api\5.4.2\junit-jupiter-api-5.4.2.jar;C:\Users\sonal\.m2\repository\org\apiguardian\apiguardian-api\1.0.0\apiguardian-api-1.0.0.jar;C:\Users\sonal\.m2\repository\org\opentest4j\opentest4j\1.1.1\opentest4j-1.1.1.jar;C:\Users\sonal\.m2\repository\org\junit\platform\junit-platform-commons\1.4.2\junit-platform-commons-1.4.2.jar;C:\Users\sonal\.m2\repository\org\junit\jupiter\junit-jupiter-engine\5.4.2\junit-jupiter-engine-5.4.2.jar;C:\Users\sonal\.m2\repository\org\junit\platform\junit-platform-engine\1.4.2\junit-platform-engine-1.4.2.jar;"/>
    <property name="sun.cpu.endian" value="little"/>
    <property name="user.home" value="C:\Users\sonal"/>
    <property name="user.language" value="en"/>
    <property name="java.specification.vendor" value="Oracle Corporation"/>
    <property name="java.home" value="C:\Program Files\Java\jdk1.8.0_281\jre"/>
    <property name="basedir" value="C:\Users\sonal\OneDrive\Desktop\Phase3 P-A\eclipse codes\junit5_demo"/>
    <property name="file.separator" value="\"/>
    <property name="line.separator" value="&#10;"/>
    <property name="java.vm.specification.vendor" value="Oracle Corporation"/>
    <property name="java.specification.name" value="Java Platform API Specification"/>
    <property name="java.awt.graphicsenv" value="sun.awt.Win32GraphicsEnvironment"/>
    <property name="surefire.real.class.path" value="C:\Users\sonal\AppData\Local\Temp\surefire7961052212242086694\surefirebooter4057624119698164543.jar"/>
    <property name="sun.boot.class.path" value="C:\Program Files\Java\jdk1.8.0_281\jre\lib\resources.jar;C:\Program Files\Java\jdk1.8.0_281\jre\lib\rt.jar;C:\Program Files\Java\jdk1.8.0_281\jre\lib\sunrsasign.jar;C:\Program Files\Java\jdk1.8.0_281\jre\lib\jsse.jar;C:\Program Files\Java\jdk1.8.0_281\jre\lib\jce.jar;C:\Program Files\Java\jdk1.8.0_281\jre\lib\charsets.jar;C:\Program Files\Java\jdk1.8.0_281\jre\lib\jfr.jar;C:\Program Files\Java\jdk1.8.0_281\jre\classes"/>
    <property name="user.script" value=""/>
    <property name="sun.management.compiler" value="HotSpot 64-Bit Tiered Compilers"/>
    <property name="java.runtime.version" value="1.8.0_281-b09"/>
    <property name="user.name" value="sonal"/>
    <property name="path.separator" value=";"/>
    <property name="os.version" value="10.0"/>
    <property name="java.endorsed.dirs" value="C:\Program Files\Java\jdk1.8.0_281\jre\lib\endorsed"/>
    <property name="java.runtime.name" value="Java(TM) SE Runtime Environment"/>
    <property name="file.encoding" value="Cp1252"/>
    <property name="java.vm.name" value="Java HotSpot(TM) 64-Bit Server VM"/>
    <property name="localRepository" value="C:\Users\sonal\.m2\repository"/>
    <property name="java.vendor.url.bug" value="http://bugreport.sun.com/bugreport/"/>
    <property name="java.io.tmpdir" value="C:\Users\sonal\AppData\Local\Temp\"/>
    <property name="java.version" value="1.8.0_281"/>
    <property name="user.dir" value="C:\Users\sonal\OneDrive\Desktop\Phase3 P-A\eclipse codes\junit5_demo"/>
    <property name="os.arch" value="amd64"/>
    <property name="java.vm.specification.name" value="Java Virtual Machine Specification"/>
    <property name="java.awt.printerjob" value="sun.awt.windows.WPrinterJob"/>
    <property name="sun.os.patch.level" value=""/>
    <property name="java.library.path" value="C:\Program Files\Java\jdk1.8.0_281\jre\bin;C:\Windows\Sun\Java\bin;C:\Windows\system32;C:\Windows;C:/Users/sonal/.p2/pool/plugins/org.eclipse.justj.openjdk.hotspot.jre.full.win32.x86_64_15.0.2.v20210201-0955/jre/bin/server;C:/Users/sonal/.p2/pool/plugins/org.eclipse.justj.openjdk.hotspot.jre.full.win32.x86_64_15.0.2.v20210201-0955/jre/bin;C:\Program Files (x86)\Common Files\Oracle\Java\javapath;C:\Windows\system32;C:\Windows;C:\Windows\System32\Wbem;C:\Windows\System32\WindowsPowerShell\v1.0\;C:\Windows\System32\OpenSSH\;C:\Program Files\Java\jdk1.8.0_281\bin;C:\Program Files\Git\cmd;C:\Program Files\Git\mingw64\bin;C:\Program Files\Git\usr\bin;C:\Users\sonal\AppData\Local\Microsoft\WindowsApps;;C:\Users\sonal\OneDrive\Desktop;;."/>
    <property name="java.vm.info" value="mixed mode"/>
    <property name="java.vendor" value="Oracle Corporation"/>
    <property name="java.vm.version" value="25.281-b09"/>
    <property name="java.ext.dirs" value="C:\Program Files\Java\jdk1.8.0_281\jre\lib\ext;C:\Windows\Sun\Java\lib\ext"/>
    <property name="sun.io.unicode.encoding" value="UnicodeLittle"/>
    <property name="java.class.version" value="52.0"/>
  </properties>
  <testcase name="testMethod1" classname="com.app.test.HelloJunitTest" time="0.002"/>
  <testcase name="testMethod2" classname="com.app.test.HelloJunitTest" time="0"/>
  <testcase name="testMethod3" classname="com.app.test.HelloJunitTest" time="0"/>
</testsuite>